<?xml version="1.0" encoding="UTF-8"?>
<testng-results ignored="13" total="14" passed="1" failed="0" skipped="0">
  <reporter-output>
  </reporter-output>
  <suite started-at="2025-05-22T15:47:54 GMT+03:00" name="Default suite" finished-at="2025-05-22T15:48:09 GMT+03:00" duration-ms="14816">
    <groups>
    </groups>
    <test started-at="2025-05-22T15:47:54 GMT+03:00" name="Default test" finished-at="2025-05-22T15:48:09 GMT+03:00" duration-ms="14816">
      <class name="codenboxautomationlab1.codenboxautomationlab1.AppTest">
        <test-method is-config="true" signature="mySetup()[pri:0, instance:codenboxautomationlab1.codenboxautomationlab1.AppTest@56aaaecd]" started-at="2025-05-22T15:47:54 GMT+03:00" name="mySetup" finished-at="2025-05-22T15:48:07 GMT+03:00" duration-ms="12995" status="PASS">
          <reporter-output>
          </reporter-output>
        </test-method> <!-- mySetup -->
        <test-method signature="DownloadApkFileAndScreenShot()[pri:14, instance:codenboxautomationlab1.codenboxautomationlab1.AppTest@56aaaecd]" started-at="2025-05-22T15:48:07 GMT+03:00" name="DownloadApkFileAndScreenShot" finished-at="2025-05-22T15:48:09 GMT+03:00" duration-ms="1714" status="PASS">
          <reporter-output>
          </reporter-output>
        </test-method> <!-- DownloadApkFileAndScreenShot -->
      </class> <!-- codenboxautomationlab1.codenboxautomationlab1.AppTest -->
    </test> <!-- Default test -->
  </suite> <!-- Default suite -->
</testng-results>
