<?xml version="1.0" encoding="UTF-8"?>
<testng-results ignored="0" total="3" passed="3" failed="0" skipped="0">
  <reporter-output>
  </reporter-output>
  <suite started-at="2025-04-21T22:24:26 GMT+03:00" name="Default suite" finished-at="2025-04-21T22:24:38 GMT+03:00" duration-ms="12068">
    <groups>
    </groups>
    <test started-at="2025-04-21T22:24:26 GMT+03:00" name="Default test" finished-at="2025-04-21T22:24:38 GMT+03:00" duration-ms="12068">
      <class name="codenboxautomationlab1.codenboxautomationlab1.AppTest">
        <test-method is-config="true" signature="mySetup()[pri:0, instance:codenboxautomationlab1.codenboxautomationlab1.AppTest@2c7b5824]" started-at="2025-04-21T22:24:26 GMT+03:00" name="mySetup" finished-at="2025-04-21T22:24:35 GMT+03:00" duration-ms="9017" status="PASS">
          <reporter-output>
          </reporter-output>
        </test-method> <!-- mySetup -->
        <test-method signature="RadioButton()[pri:1, instance:codenboxautomationlab1.codenboxautomationlab1.AppTest@2c7b5824]" started-at="2025-04-21T22:24:35 GMT+03:00" name="RadioButton" finished-at="2025-04-21T22:24:35 GMT+03:00" duration-ms="197" status="PASS">
          <reporter-output>
          </reporter-output>
        </test-method> <!-- RadioButton -->
        <test-method signature="Dynamic_Dropdown()[pri:2, instance:codenboxautomationlab1.codenboxautomationlab1.AppTest@2c7b5824]" started-at="2025-04-21T22:24:35 GMT+03:00" name="Dynamic_Dropdown" finished-at="2025-04-21T22:24:38 GMT+03:00" duration-ms="2361" status="PASS">
          <reporter-output>
          </reporter-output>
        </test-method> <!-- Dynamic_Dropdown -->
        <test-method signature="Static_Dropdown()[pri:3, instance:codenboxautomationlab1.codenboxautomationlab1.AppTest@2c7b5824]" started-at="2025-04-21T22:24:38 GMT+03:00" name="Static_Dropdown" finished-at="2025-04-21T22:24:38 GMT+03:00" duration-ms="393" status="PASS">
          <reporter-output>
          </reporter-output>
        </test-method> <!-- Static_Dropdown -->
      </class> <!-- codenboxautomationlab1.codenboxautomationlab1.AppTest -->
    </test> <!-- Default test -->
  </suite> <!-- Default suite -->
</testng-results>
